2020-07-07 01:18:44,147 INFO Bot [main] Data initialized
2020-07-07 01:18:44,887 INFO Bot [main] Bot connected
2020-07-07 01:21:01,131 INFO Bot [main] Data initialized
2020-07-07 01:21:01,393 ERROR Bot [main] Cant connect botorg.telegram.telegrambots.meta.exceptions.TelegramApiRequestException: Error removing old webhook
2020-07-07 11:54:43,438 INFO Bot [main] Data initialized
2020-07-07 11:54:43,831 ERROR Bot [main] Cant connect botorg.telegram.telegrambots.meta.exceptions.TelegramApiRequestException: Error removing old webhook
2020-07-07 11:55:29,119 INFO Bot [main] Data initialized
2020-07-07 11:55:30,402 INFO Bot [main] Bot connected
2020-07-07 11:55:31,309 INFO Bot [rouble_rate_bot Telegram Executor] Update received
2020-07-07 11:55:31,310 DEBUG Bot [rouble_rate_bot Telegram Executor] Received text: /start
2020-07-07 11:55:31,669 INFO Bot [rouble_rate_bot Telegram Executor] Send helpInfo message
2020-07-07 11:55:31,670 INFO Bot [rouble_rate_bot Telegram Executor] Update received
2020-07-07 11:55:31,996 INFO Bot [rouble_rate_bot Telegram Executor] Send typeText message
2020-07-07 11:55:47,096 INFO Bot [rouble_rate_bot Telegram Executor] Update received
2020-07-07 11:55:47,098 DEBUG Bot [rouble_rate_bot Telegram Executor] Received text: доллар цб 21.01.2002
2020-07-07 11:55:47,106 DEBUG Bot [rouble_rate_bot Telegram Executor] Received city Цб
2020-07-07 11:55:47,109 DEBUG Bot [rouble_rate_bot Telegram Executor] Received link https://bankiros.ru/currency/cbrf/date
2020-07-07 11:55:47,111 DEBUG DataParser [rouble_rate_bot Telegram Executor] Date parsed
2020-07-07 11:55:47,112 DEBUG Bot [rouble_rate_bot Telegram Executor] Received date 21.01.2002
2020-07-07 11:55:48,493 DEBUG HtmlParser [rouble_rate_bot Telegram Executor] Connected successfully https://bankiros.ru/currency/cbrf/date/21-01-2002
2020-07-07 11:55:48,842 DEBUG HtmlParser [rouble_rate_bot Telegram Executor] Connected successfully https://bankiros.ru/currency/cbrf/date/21-01-2002
2020-07-07 11:55:48,854 DEBUG Bot [rouble_rate_bot Telegram Executor] Received result message
2020-07-07 11:55:49,063 INFO Bot [rouble_rate_bot Telegram Executor] Send answer
2020-07-07 11:55:53,753 INFO Bot [rouble_rate_bot Telegram Executor] Update received
2020-07-07 11:55:59,294 INFO Bot [rouble_rate_bot Telegram Executor] Update received
2020-07-07 11:55:59,295 DEBUG Bot [rouble_rate_bot Telegram Executor] Received text: доллар цб 21.01.2022
2020-07-07 11:55:59,297 DEBUG Bot [rouble_rate_bot Telegram Executor] Received city Цб
2020-07-07 11:55:59,299 DEBUG Bot [rouble_rate_bot Telegram Executor] Received link https://bankiros.ru/currency/cbrf/date
2020-07-07 11:55:59,300 DEBUG DataParser [rouble_rate_bot Telegram Executor] Date parsed
2020-07-07 11:55:59,301 DEBUG Bot [rouble_rate_bot Telegram Executor] Received date 1
2020-07-07 11:55:59,514 INFO Bot [rouble_rate_bot Telegram Executor] Send wrongDate message
2020-07-07 11:55:59,851 INFO Bot [rouble_rate_bot Telegram Executor] Update received
2020-07-07 11:56:00,046 INFO Bot [rouble_rate_bot Telegram Executor] Send typeText message
2020-07-07 11:56:08,194 INFO Bot [rouble_rate_bot Telegram Executor] Update received
2020-07-07 11:56:13,422 INFO Bot [rouble_rate_bot Telegram Executor] Update received
2020-07-07 11:56:13,422 DEBUG Bot [rouble_rate_bot Telegram Executor] Received text: доллар цб 21.21.2002
2020-07-07 11:56:13,424 DEBUG Bot [rouble_rate_bot Telegram Executor] Received city Цб
2020-07-07 11:56:13,425 DEBUG Bot [rouble_rate_bot Telegram Executor] Received link https://bankiros.ru/currency/cbrf/date
2020-07-07 11:56:13,426 DEBUG DataParser [rouble_rate_bot Telegram Executor] Date parsed
2020-07-07 11:56:13,427 DEBUG Bot [rouble_rate_bot Telegram Executor] Received date 21.09.2003
2020-07-07 11:56:14,614 DEBUG HtmlParser [rouble_rate_bot Telegram Executor] Connected successfully https://bankiros.ru/currency/cbrf/date/21-09-2003
2020-07-07 11:56:15,011 DEBUG HtmlParser [rouble_rate_bot Telegram Executor] Connected successfully https://bankiros.ru/currency/cbrf/date/21-09-2003
2020-07-07 11:56:15,016 DEBUG Bot [rouble_rate_bot Telegram Executor] Received result message
2020-07-07 11:56:15,288 INFO Bot [rouble_rate_bot Telegram Executor] Send answer
2020-07-07 11:56:28,896 INFO Bot [rouble_rate_bot Telegram Executor] Update received
2020-07-07 11:56:28,897 DEBUG Bot [rouble_rate_bot Telegram Executor] Received text: 70.21.2002
2020-07-07 11:56:28,900 DEBUG Bot [rouble_rate_bot Telegram Executor] Received city null
2020-07-07 11:56:29,109 INFO Bot [rouble_rate_bot Telegram Executor] Send message noCity
2020-07-07 11:56:37,599 INFO Bot [rouble_rate_bot Telegram Executor] Update received
2020-07-07 11:56:37,600 DEBUG Bot [rouble_rate_bot Telegram Executor] Received text: цб доллар 70.21.2002
2020-07-07 11:56:37,602 DEBUG Bot [rouble_rate_bot Telegram Executor] Received city Цб
2020-07-07 11:56:37,603 DEBUG Bot [rouble_rate_bot Telegram Executor] Received link https://bankiros.ru/currency/cbrf/date
2020-07-07 11:56:37,604 DEBUG DataParser [rouble_rate_bot Telegram Executor] Date parsed
2020-07-07 11:56:37,606 DEBUG Bot [rouble_rate_bot Telegram Executor] Received date 09.11.2003
2020-07-07 11:56:38,555 DEBUG HtmlParser [rouble_rate_bot Telegram Executor] Connected successfully https://bankiros.ru/currency/cbrf/date/09-11-2003
2020-07-07 11:56:39,007 DEBUG HtmlParser [rouble_rate_bot Telegram Executor] Connected successfully https://bankiros.ru/currency/cbrf/date/09-11-2003
2020-07-07 11:56:39,009 DEBUG Bot [rouble_rate_bot Telegram Executor] Received result message
2020-07-07 11:56:39,349 INFO Bot [rouble_rate_bot Telegram Executor] Send answer
2020-07-07 11:58:04,797 INFO Bot [main] Data initialized
2020-07-07 11:58:06,075 INFO Bot [main] Bot connected
2020-07-07 11:59:16,337 INFO Bot [rouble_rate_bot Telegram Executor] Update received
2020-07-07 11:59:16,339 DEBUG Bot [rouble_rate_bot Telegram Executor] Received text: москва доллар
2020-07-07 11:59:16,341 DEBUG Bot [rouble_rate_bot Telegram Executor] Received city Москва
2020-07-07 11:59:16,342 DEBUG Bot [rouble_rate_bot Telegram Executor] Received link https://moskva.bankiros.ru/currency
2020-07-07 11:59:16,342 DEBUG Bot [rouble_rate_bot Telegram Executor] Received currency usd
2020-07-07 11:59:18,486 DEBUG HtmlParser [rouble_rate_bot Telegram Executor] Connected successfully https://moskva.bankiros.ru/currency
2020-07-07 11:59:18,998 DEBUG HtmlParser [rouble_rate_bot Telegram Executor] Connected successfully https://moskva.bankiros.ru/currency/usd
2020-07-07 11:59:19,005 DEBUG Bot [rouble_rate_bot Telegram Executor] Received result message
2020-07-07 11:59:19,575 INFO Bot [rouble_rate_bot Telegram Executor] Send answer
2020-07-07 11:59:19,843 INFO Bot [rouble_rate_bot Telegram Executor] Send typeText message
2020-07-07 11:59:36,211 INFO Bot [rouble_rate_bot Telegram Executor] Update received
2020-07-07 11:59:36,212 DEBUG Bot [rouble_rate_bot Telegram Executor] Received text: /start@rouble_rate_bot
2020-07-07 11:59:36,411 INFO Bot [rouble_rate_bot Telegram Executor] Send helpInfo message
2020-07-07 12:00:05,694 INFO Bot [rouble_rate_bot Telegram Executor] Update received
2020-07-07 12:00:05,695 DEBUG Bot [rouble_rate_bot Telegram Executor] Received text: /москва доллар @rouble_rate_bot
2020-07-07 12:00:05,697 DEBUG Bot [rouble_rate_bot Telegram Executor] Received city Москва
2020-07-07 12:00:05,699 DEBUG Bot [rouble_rate_bot Telegram Executor] Received link https://moskva.bankiros.ru/currency
2020-07-07 12:00:05,701 DEBUG Bot [rouble_rate_bot Telegram Executor] Received currency usd
2020-07-07 12:00:06,694 DEBUG HtmlParser [rouble_rate_bot Telegram Executor] Connected successfully https://moskva.bankiros.ru/currency
2020-07-07 12:00:07,317 DEBUG HtmlParser [rouble_rate_bot Telegram Executor] Connected successfully https://moskva.bankiros.ru/currency/usd
2020-07-07 12:00:07,324 DEBUG Bot [rouble_rate_bot Telegram Executor] Received result message
2020-07-07 12:00:07,520 INFO Bot [rouble_rate_bot Telegram Executor] Send answer
2020-07-07 12:40:48,052 INFO Bot [main] Data initialized
2020-07-07 12:40:50,301 INFO Bot [main] Bot connected
2020-07-07 12:41:37,631 DEBUG DataParser [main] Date parsed
2020-07-07 12:41:37,636 DEBUG DataParser [main] Date parsed
2020-07-07 12:41:37,638 DEBUG DataParser [main] Date parsed
2020-07-07 12:41:37,639 DEBUG DataParser [main] Date parsed
2020-07-07 12:41:37,639 DEBUG DataParserTest [main] getDate passed tests
2020-07-07 12:41:37,702 INFO DataParserTest [main] Data initialized successfully
2020-07-07 12:41:37,705 DEBUG DataParserTest [main] getString passed tests with cities
2020-07-07 12:41:37,705 DEBUG DataParserTest [main] getString passed tests with currencies
2020-07-07 12:43:09,418 DEBUG DataParser [main] Date parsed
2020-07-07 12:43:09,425 DEBUG DataParser [main] Date parsed
2020-07-07 12:43:09,427 DEBUG DataParser [main] Date parsed
2020-07-07 12:43:09,428 DEBUG DataParser [main] Date parsed
2020-07-07 12:43:09,428 DEBUG DataParserTest [main] getDate passed tests
2020-07-07 12:43:09,528 INFO DataParserTest [main] Data initialized successfully
2020-07-07 12:43:09,532 DEBUG DataParserTest [main] getString passed tests with cities
2020-07-07 12:43:09,533 DEBUG DataParserTest [main] getString passed tests with currencies
2020-07-07 12:59:00,569 INFO Bot [main] Data initialized
2020-07-07 12:59:03,524 INFO Bot [main] Bot connected
2020-07-07 12:59:19,334 INFO Bot [rouble_rate_bot Telegram Executor] Update received
2020-07-07 12:59:19,336 DEBUG Bot [rouble_rate_bot Telegram Executor] Received text: цб 25.05.2015
2020-07-07 12:59:19,340 DEBUG Bot [rouble_rate_bot Telegram Executor] Received city Цб
2020-07-07 12:59:19,341 DEBUG Bot [rouble_rate_bot Telegram Executor] Received link https://bankiros.ru/currency/cbrf/date
2020-07-07 12:59:19,341 DEBUG DataParser [rouble_rate_bot Telegram Executor] Date parsed
2020-07-07 12:59:19,341 DEBUG Bot [rouble_rate_bot Telegram Executor] Received date 0
2020-07-07 12:59:19,720 INFO Bot [rouble_rate_bot Telegram Executor] Send dateError message
2020-07-07 13:00:31,808 INFO Bot [main] Data initialized
2020-07-07 13:00:33,409 INFO Bot [main] Bot connected
2020-07-07 13:00:49,884 INFO Bot [rouble_rate_bot Telegram Executor] Update received
2020-07-07 13:00:49,885 DEBUG Bot [rouble_rate_bot Telegram Executor] Received text: цб 25.05.2015
2020-07-07 13:00:49,887 DEBUG Bot [rouble_rate_bot Telegram Executor] Received city Цб
2020-07-07 13:00:49,887 DEBUG Bot [rouble_rate_bot Telegram Executor] Received link https://bankiros.ru/currency/cbrf/date
2020-07-07 13:00:49,888 DEBUG DataParser [rouble_rate_bot Telegram Executor] Date parsed
2020-07-07 13:00:49,888 DEBUG Bot [rouble_rate_bot Telegram Executor] Received date 25.05.2015
2020-07-07 13:00:52,081 DEBUG HtmlParser [rouble_rate_bot Telegram Executor] Connected successfully https://bankiros.ru/currency/cbrf/date/25-05-2015
2020-07-07 13:00:52,992 DEBUG HtmlParser [rouble_rate_bot Telegram Executor] Connected successfully https://bankiros.ru/currency/cbrf/date/25-05-2015
2020-07-07 13:00:53,011 DEBUG Bot [rouble_rate_bot Telegram Executor] Received result message
2020-07-07 13:00:53,599 INFO Bot [rouble_rate_bot Telegram Executor] Send answer
2020-07-07 13:01:35,959 INFO Bot [main] Data initialized
2020-07-07 13:01:37,737 INFO Bot [main] Bot connected
2020-07-07 13:01:40,052 INFO Bot [rouble_rate_bot Telegram Executor] Update received
2020-07-07 13:01:40,054 DEBUG Bot [rouble_rate_bot Telegram Executor] Received text: цб 30.02.2015
2020-07-07 13:01:40,056 DEBUG Bot [rouble_rate_bot Telegram Executor] Received city Цб
2020-07-07 13:01:40,056 DEBUG Bot [rouble_rate_bot Telegram Executor] Received link https://bankiros.ru/currency/cbrf/date
2020-07-07 13:01:40,057 DEBUG DataParser [rouble_rate_bot Telegram Executor] Date parsed
2020-07-07 13:01:40,057 DEBUG Bot [rouble_rate_bot Telegram Executor] Received date 0
2020-07-07 13:01:40,300 INFO Bot [rouble_rate_bot Telegram Executor] Send dateError message
2020-07-07 13:01:55,854 INFO Bot [rouble_rate_bot Telegram Executor] Update received
2020-07-07 13:01:55,856 DEBUG Bot [rouble_rate_bot Telegram Executor] Received text: цб 29.02.2015
2020-07-07 13:01:55,858 DEBUG Bot [rouble_rate_bot Telegram Executor] Received city Цб
2020-07-07 13:01:55,860 DEBUG Bot [rouble_rate_bot Telegram Executor] Received link https://bankiros.ru/currency/cbrf/date
2020-07-07 13:01:55,861 DEBUG DataParser [rouble_rate_bot Telegram Executor] Date parsed
2020-07-07 13:01:55,862 DEBUG Bot [rouble_rate_bot Telegram Executor] Received date 0
2020-07-07 13:01:56,265 INFO Bot [rouble_rate_bot Telegram Executor] Send dateError message
2020-07-07 13:02:05,067 INFO Bot [rouble_rate_bot Telegram Executor] Update received
2020-07-07 13:02:05,068 DEBUG Bot [rouble_rate_bot Telegram Executor] Received text: цб 29.02.2016
2020-07-07 13:02:05,070 DEBUG Bot [rouble_rate_bot Telegram Executor] Received city Цб
2020-07-07 13:02:05,072 DEBUG Bot [rouble_rate_bot Telegram Executor] Received link https://bankiros.ru/currency/cbrf/date
2020-07-07 13:02:05,074 DEBUG DataParser [rouble_rate_bot Telegram Executor] Date parsed
2020-07-07 13:02:05,075 DEBUG Bot [rouble_rate_bot Telegram Executor] Received date 29.02.2016
2020-07-07 13:02:07,869 DEBUG HtmlParser [rouble_rate_bot Telegram Executor] Connected successfully https://bankiros.ru/currency/cbrf/date/29-02-2016
2020-07-07 13:02:08,406 DEBUG HtmlParser [rouble_rate_bot Telegram Executor] Connected successfully https://bankiros.ru/currency/cbrf/date/29-02-2016
2020-07-07 13:02:08,418 DEBUG Bot [rouble_rate_bot Telegram Executor] Received result message
2020-07-07 13:02:08,959 INFO Bot [rouble_rate_bot Telegram Executor] Send answer
2020-07-07 13:02:24,935 INFO Bot [rouble_rate_bot Telegram Executor] Update received
2020-07-07 13:02:24,935 DEBUG Bot [rouble_rate_bot Telegram Executor] Received text: цб 29.02.2017
2020-07-07 13:02:24,937 DEBUG Bot [rouble_rate_bot Telegram Executor] Received city Цб
2020-07-07 13:02:24,938 DEBUG Bot [rouble_rate_bot Telegram Executor] Received link https://bankiros.ru/currency/cbrf/date
2020-07-07 13:02:24,939 DEBUG DataParser [rouble_rate_bot Telegram Executor] Date parsed
2020-07-07 13:02:24,940 DEBUG Bot [rouble_rate_bot Telegram Executor] Received date 0
2020-07-07 13:02:25,342 INFO Bot [rouble_rate_bot Telegram Executor] Send dateError message
2020-07-07 13:59:05,676 INFO Bot [main] Data initialized
2020-07-07 13:59:07,449 INFO Bot [main] Bot connected
2020-07-07 13:59:18,572 INFO Bot [rouble_rate_bot Telegram Executor] Update received
2020-07-07 13:59:18,573 DEBUG Bot [rouble_rate_bot Telegram Executor] Received text: 29.02.2016 цб
2020-07-07 13:59:18,576 DEBUG Bot [rouble_rate_bot Telegram Executor] Received city Цб
2020-07-07 13:59:18,578 DEBUG Bot [rouble_rate_bot Telegram Executor] Received link https://bankiros.ru/currency/cbrf/date
2020-07-07 13:59:18,579 DEBUG Bot [rouble_rate_bot Telegram Executor] Received date 29.02.2016
2020-07-07 13:59:21,092 DEBUG HtmlParser [rouble_rate_bot Telegram Executor] Connected successfully https://bankiros.ru/currency/cbrf/date/29-02-2016
2020-07-07 13:59:21,661 DEBUG HtmlParser [rouble_rate_bot Telegram Executor] Connected successfully https://bankiros.ru/currency/cbrf/date/29-02-2016
2020-07-07 13:59:21,671 DEBUG Bot [rouble_rate_bot Telegram Executor] Received result message
2020-07-07 13:59:22,090 INFO Bot [rouble_rate_bot Telegram Executor] Send answer
2020-07-07 13:59:30,640 INFO Bot [rouble_rate_bot Telegram Executor] Update received
2020-07-07 13:59:30,641 DEBUG Bot [rouble_rate_bot Telegram Executor] Received text: 29.02.2015 цб
2020-07-07 13:59:30,643 DEBUG Bot [rouble_rate_bot Telegram Executor] Received city Цб
2020-07-07 13:59:30,647 DEBUG Bot [rouble_rate_bot Telegram Executor] Received link https://bankiros.ru/currency/cbrf/date
2020-07-07 13:59:30,648 DEBUG Bot [rouble_rate_bot Telegram Executor] Received date 0
2020-07-07 13:59:31,105 INFO Bot [rouble_rate_bot Telegram Executor] Send dateError message
2020-07-07 14:10:32,847 INFO Bot [main] Data initialized
2020-07-07 14:10:34,296 INFO Bot [main] Bot connected
2020-07-07 14:11:34,855 INFO Bot [rouble_rate_bot Telegram Executor] Update received
2020-07-07 14:11:34,859 DEBUG Bot [rouble_rate_bot Telegram Executor] Received text: 29.02.2019 цб
2020-07-07 14:11:34,865 DEBUG Bot [rouble_rate_bot Telegram Executor] Received city Цб
2020-07-07 14:11:34,866 DEBUG Bot [rouble_rate_bot Telegram Executor] Received link https://bankiros.ru/currency/cbrf/date
2020-07-07 14:11:34,869 DEBUG Bot [rouble_rate_bot Telegram Executor] Received date 0
2020-07-07 14:11:35,330 INFO Bot [rouble_rate_bot Telegram Executor] Send dateError message
